<?xml version="1.0" encoding="UTF-8"?>
<testng-results ignored="0" total="3" passed="3" failed="0" skipped="0">
  <reporter-output>
  </reporter-output>
  <suite started-at="2022-12-12T14:42:42 IST" name="Suite" finished-at="2022-12-12T14:43:37 IST" duration-ms="54587">
    <groups>
    </groups>
    <test started-at="2022-12-12T14:42:42 IST" name="Test" finished-at="2022-12-12T14:43:37 IST" duration-ms="54587">
      <class name="Test_pack.Bmw_Test">
        <test-method signature="TC01()[pri:0, instance:Test_pack.Bmw_Test@e056f20]" started-at="2022-12-12T14:42:42 IST" name="TC01" finished-at="2022-12-12T14:42:52 IST" duration-ms="10035" status="PASS">
          <reporter-output>
          </reporter-output>
        </test-method> <!-- TC01 -->
      </class> <!-- Test_pack.Bmw_Test -->
      <class name="Test_pack.KtmTest">
        <test-method signature="TC01()[pri:0, instance:Test_pack.KtmTest@4b0b0854]" started-at="2022-12-12T14:42:52 IST" name="TC01" finished-at="2022-12-12T14:43:10 IST" duration-ms="17403" status="PASS">
          <reporter-output>
          </reporter-output>
        </test-method> <!-- TC01 -->
      </class> <!-- Test_pack.KtmTest -->
      <class name="Test_pack.FortunerTest">
        <test-method signature="TC01()[pri:0, instance:Test_pack.FortunerTest@19bb07ed]" started-at="2022-12-12T14:43:10 IST" name="TC01" finished-at="2022-12-12T14:43:37 IST" duration-ms="27100" status="PASS">
          <reporter-output>
          </reporter-output>
        </test-method> <!-- TC01 -->
      </class> <!-- Test_pack.FortunerTest -->
    </test> <!-- Test -->
  </suite> <!-- Suite -->
</testng-results>
