<?xml version="1.0" encoding="UTF-8"?>
<testng-results ignored="0" total="1" passed="1" failed="0" skipped="0">
  <reporter-output>
  </reporter-output>
  <suite started-at="2022-12-12T12:45:46 IST" name="Default suite" finished-at="2022-12-12T12:45:59 IST" duration-ms="13400">
    <groups>
    </groups>
    <test started-at="2022-12-12T12:45:46 IST" name="Default test" finished-at="2022-12-12T12:45:59 IST" duration-ms="13400">
      <class name="Test_pack.FortunerTest">
        <test-method signature="TC01()[pri:0, instance:Test_pack.FortunerTest@6e4784bc]" started-at="2022-12-12T12:45:46 IST" name="TC01" finished-at="2022-12-12T12:45:59 IST" duration-ms="13361" status="PASS">
          <reporter-output>
          </reporter-output>
        </test-method> <!-- TC01 -->
      </class> <!-- Test_pack.FortunerTest -->
    </test> <!-- Default test -->
  </suite> <!-- Default suite -->
</testng-results>
